PhantomJS is launching GhostDriver...
[INFO  - 2015-11-09T08:26:21.264Z] GhostDriver - Main - running on port 62308
[INFO  - 2015-11-09T08:26:22.707Z] Session [8f5d9770-86bb-11e5-b79a-c570d8dec701] - page.settings - {"XSSAuditingEnabled":false,"javascriptCanCloseWindows":true,"javascriptCanOpenWindows":true,"javascriptEnabled":true,"loadImages":true,"localToRemoteUrlAccessEnabled":false,"userAgent":"Mozilla/5.0 (Windows NT 6.1; WOW64) AppleWebKit/534.34 (KHTML, like Gecko) PhantomJS/1.9.7 Safari/534.34","webSecurityEnabled":true}
[INFO  - 2015-11-09T08:26:22.707Z] Session [8f5d9770-86bb-11e5-b79a-c570d8dec701] - page.customHeaders:  - {}
[INFO  - 2015-11-09T08:26:22.707Z] Session [8f5d9770-86bb-11e5-b79a-c570d8dec701] - Session.negotiatedCapabilities - {"browserName":"phantomjs","version":"1.9.7","driverName":"ghostdriver","driverVersion":"1.1.0","platform":"windows-7-32bit","javascriptEnabled":true,"takesScreenshot":true,"handlesAlerts":false,"databaseEnabled":false,"locationContextEnabled":false,"applicationCacheEnabled":false,"browserConnectionEnabled":false,"cssSelectorsEnabled":true,"webStorageEnabled":false,"rotatable":false,"acceptSslCerts":false,"nativeEvents":true,"proxy":{"proxyType":"direct"}}
[INFO  - 2015-11-09T08:26:22.707Z] SessionManagerReqHand - _postNewSessionCommand - New Session Created: 8f5d9770-86bb-11e5-b79a-c570d8dec701
[ERROR - 2015-11-09T08:28:52.867Z] WebElementLocator - _handleLocateCommand - Element(s) NOT Found: GAVE UP. Search Stop Time: 1447057732805
[INFO  - 2015-11-09T08:31:21.259Z] SessionManagerReqHand - _cleanupWindowlessSessions - Asynchronous Sessions clean-up phase starting NOW
[ERROR - 2015-11-09T08:32:45.273Z] Session [8f5d9770-86bb-11e5-b79a-c570d8dec701] - page.onError - msg: TypeError: 'null' is not an object (evaluating 'a.tagName')
[ERROR - 2015-11-09T08:32:45.273Z] Session [8f5d9770-86bb-11e5-b79a-c570d8dec701] - page.onError - stack:
  (anonymous function) (https://webapi.amap.com/maps/main?v=1.3&key=&m=http,map,anip,layers,overlay0,brender,mrender,touch,mouse,crender,vectorlayer,overlay,vp,sync&vrs=1.3.9.01:69)
  c (https://webapi.amap.com/maps/main?v=1.3&key=&m=http,map,anip,layers,overlay0,brender,mrender,touch,mouse,crender,vectorlayer,overlay,vp,sync&vrs=1.3.9.01:1)
  c (https://g.alicdn.com/shop/balcony/r4000/openjs/amap/1.0/index-min.js?t=20150630.js:1)
  (anonymous function) (https://g.alicdn.com/shop/balcony/r4000/openjs/amap/1.0/index-min.js?t=20150630.js:1)
[INFO  - 2015-11-09T08:36:22.424Z] SessionManagerReqHand - _cleanupWindowlessSessions - Asynchronous Sessions clean-up phase starting NOW
[ERROR - 2015-11-09T08:38:53.641Z] Session [8f5d9770-86bb-11e5-b79a-c570d8dec701] - page.onError - msg: TypeError: 'undefined' is not a function (evaluating 'f.apply(b,l.getModules(a,b.getRequiresWithAlias()))')
[ERROR - 2015-11-09T08:38:53.641Z] Session [8f5d9770-86bb-11e5-b79a-c570d8dec701] - page.onError - stack:
  (anonymous function) (https://g.alicdn.com/??kissy/k/1.3.0/seed-min.js,mui/seed/1.1.11/seed.js,mui/globalmodule/3.0.35/seed.js,mui/btscfg-g/3.0.0/index.js,mui/bucket/3.0.4/index.js,mui/globalmodule/3.0.35/global-mod-pc.js,mui/globalmodule/3.0.35/global-mod.js,mui/global/3.0.5/global-pc.js,mui/global/3.0.5/global.js,tm/shop/3.1.39/app.js,tm/shop/3.1.39/page/shop.js:56)
  (anonymous function) (https://g.alicdn.com/??kissy/k/1.3.0/seed-min.js,mui/seed/1.1.11/seed.js,mui/globalmodule/3.0.35/seed.js,mui/btscfg-g/3.0.0/index.js,mui/bucket/3.0.4/index.js,mui/globalmodule/3.0.35/global-mod-pc.js,mui/globalmodule/3.0.35/global-mod.js,mui/global/3.0.5/global-pc.js,mui/global/3.0.5/global.js,tm/shop/3.1.39/app.js,tm/shop/3.1.39/page/shop.js:56)
  (anonymous function) (https://g.alicdn.com/??kissy/k/1.3.0/seed-min.js,mui/seed/1.1.11/seed.js,mui/globalmodule/3.0.35/seed.js,mui/btscfg-g/3.0.0/index.js,mui/bucket/3.0.4/index.js,mui/globalmodule/3.0.35/global-mod-pc.js,mui/globalmodule/3.0.35/global-mod.js,mui/global/3.0.5/global-pc.js,mui/global/3.0.5/global.js,tm/shop/3.1.39/app.js,tm/shop/3.1.39/page/shop.js:55)
  e (https://g.alicdn.com/??kissy/k/1.3.0/seed-min.js,mui/seed/1.1.11/seed.js,mui/globalmodule/3.0.35/seed.js,mui/btscfg-g/3.0.0/index.js,mui/bucket/3.0.4/index.js,mui/globalmodule/3.0.35/global-mod-pc.js,mui/globalmodule/3.0.35/global-mod.js,mui/global/3.0.5/global-pc.js,mui/global/3.0.5/global.js,tm/shop/3.1.39/app.js,tm/shop/3.1.39/page/shop.js:75)
  (anonymous function) (https://g.alicdn.com/??kissy/k/1.3.0/seed-min.js,mui/seed/1.1.11/seed.js,mui/globalmodule/3.0.35/seed.js,mui/btscfg-g/3.0.0/index.js,mui/bucket/3.0.4/index.js,mui/globalmodule/3.0.35/global-mod-pc.js,mui/globalmodule/3.0.35/global-mod.js,mui/global/3.0.5/global-pc.js,mui/global/3.0.5/global.js,tm/shop/3.1.39/app.js,tm/shop/3.1.39/page/shop.js:76)
  (anonymous function) (https://g.alicdn.com/??kissy/k/1.3.0/seed-min.js,mui/seed/1.1.11/seed.js,mui/globalmodule/3.0.35/seed.js,mui/btscfg-g/3.0.0/index.js,mui/bucket/3.0.4/index.js,mui/globalmodule/3.0.35/global-mod-pc.js,mui/globalmodule/3.0.35/global-mod.js,mui/global/3.0.5/global-pc.js,mui/global/3.0.5/global.js,tm/shop/3.1.39/app.js,tm/shop/3.1.39/page/shop.js:77)
  (anonymous function) (https://g.alicdn.com/??kissy/k/1.3.0/seed-min.js,mui/seed/1.1.11/seed.js,mui/globalmodule/3.0.35/seed.js,mui/btscfg-g/3.0.0/index.js,mui/bucket/3.0.4/index.js,mui/globalmodule/3.0.35/global-mod-pc.js,mui/globalmodule/3.0.35/global-mod.js,mui/global/3.0.5/global-pc.js,mui/global/3.0.5/global.js,tm/shop/3.1.39/app.js,tm/shop/3.1.39/page/shop.js:75)
  (anonymous function) (https://g.alicdn.com/??kissy/k/1.3.0/seed-min.js,mui/seed/1.1.11/seed.js,mui/globalmodule/3.0.35/seed.js,mui/btscfg-g/3.0.0/index.js,mui/bucket/3.0.4/index.js,mui/globalmodule/3.0.35/global-mod-pc.js,mui/globalmodule/3.0.35/global-mod.js,mui/global/3.0.5/global-pc.js,mui/global/3.0.5/global.js,tm/shop/3.1.39/app.js,tm/shop/3.1.39/page/shop.js:66)
  (anonymous function) (https://g.alicdn.com/??kissy/k/1.3.0/seed-min.js,mui/seed/1.1.11/seed.js,mui/globalmodule/3.0.35/seed.js,mui/btscfg-g/3.0.0/index.js,mui/bucket/3.0.4/index.js,mui/globalmodule/3.0.35/global-mod-pc.js,mui/globalmodule/3.0.35/global-mod.js,mui/global/3.0.5/global-pc.js,mui/global/3.0.5/global.js,tm/shop/3.1.39/app.js,tm/shop/3.1.39/page/shop.js:12)
  (anonymous function) (https://g.alicdn.com/??kissy/k/1.3.0/seed-min.js,mui/seed/1.1.11/seed.js,mui/globalmodule/3.0.35/seed.js,mui/btscfg-g/3.0.0/index.js,mui/bucket/3.0.4/index.js,mui/globalmodule/3.0.35/global-mod-pc.js,mui/globalmodule/3.0.35/global-mod.js,mui/global/3.0.5/global-pc.js,mui/global/3.0.5/global.js,tm/shop/3.1.39/app.js,tm/shop/3.1.39/page/shop.js:66)
  (anonymous function) (https://g.alicdn.com/??kissy/k/1.3.0/seed-min.js,mui/seed/1.1.11/seed.js,mui/globalmodule/3.0.35/seed.js,mui/btscfg-g/3.0.0/index.js,mui/bucket/3.0.4/index.js,mui/globalmodule/3.0.35/global-mod-pc.js,mui/globalmodule/3.0.35/global-mod.js,mui/global/3.0.5/global-pc.js,mui/global/3.0.5/global.js,tm/shop/3.1.39/app.js,tm/shop/3.1.39/page/shop.js:66)
[INFO  - 2015-11-09T08:41:22.395Z] SessionManagerReqHand - _cleanupWindowlessSessions - Asynchronous Sessions clean-up phase starting NOW
