[INFO  - 2015-08-16T17:24:15.398Z] GhostDriver - Main - running on port 54410
[INFO  - 2015-08-16T17:24:16.037Z] Session [9ea91af0-443b-11e5-be97-c57799bbbdbd] - page.settings - {"XSSAuditingEnabled":false,"javascriptCanCloseWindows":true,"javascriptCanOpenWindows":true,"javascriptEnabled":true,"loadImages":true,"localToRemoteUrlAccessEnabled":false,"userAgent":"Mozilla/5.0 (Windows NT 6.1; WOW64) AppleWebKit/538.1 (KHTML, like Gecko) PhantomJS/2.0.0 Safari/538.1","webSecurityEnabled":true}
[INFO  - 2015-08-16T17:24:16.037Z] Session [9ea91af0-443b-11e5-be97-c57799bbbdbd] - page.customHeaders:  - {}
[INFO  - 2015-08-16T17:24:16.037Z] Session [9ea91af0-443b-11e5-be97-c57799bbbdbd] - Session.negotiatedCapabilities - {"browserName":"phantomjs","version":"2.0.0","driverName":"ghostdriver","driverVersion":"1.2.0","platform":"windows-7-32bit","javascriptEnabled":true,"takesScreenshot":true,"handlesAlerts":false,"databaseEnabled":false,"locationContextEnabled":false,"applicationCacheEnabled":false,"browserConnectionEnabled":false,"cssSelectorsEnabled":true,"webStorageEnabled":false,"rotatable":false,"acceptSslCerts":false,"nativeEvents":true,"proxy":{"proxyType":"direct"}}
[INFO  - 2015-08-16T17:24:16.037Z] SessionManagerReqHand - _postNewSessionCommand - New Session Created: 9ea91af0-443b-11e5-be97-c57799bbbdbd
[ERROR - 2015-08-16T17:24:16.611Z] Session [9ea91af0-443b-11e5-be97-c57799bbbdbd] - page.onError - msg: TypeError: null is not an object (evaluating 'document.body')

  :262 in error
[ERROR - 2015-08-16T17:24:16.612Z] Session [9ea91af0-443b-11e5-be97-c57799bbbdbd] - page.onError - stack:
  global code (http://www.youdaili.net/static/js/commons.js?v=2013012412:29)

  :262 in error
[ERROR - 2015-08-16T17:24:29.744Z] Session [9ea91af0-443b-11e5-be97-c57799bbbdbd] - page.onError - msg: TypeError: null is not an object (evaluating 'document.body')

  :262 in error
[ERROR - 2015-08-16T17:24:29.744Z] Session [9ea91af0-443b-11e5-be97-c57799bbbdbd] - page.onError - stack:
  global code (http://www.youdaili.net/static/js/commons.js?v=2013012412:29)

  :262 in error
[ERROR - 2015-08-16T17:24:42.751Z] Session [9ea91af0-443b-11e5-be97-c57799bbbdbd] - page.onError - msg: TypeError: null is not an object (evaluating 'document.body')

  :262 in error
[ERROR - 2015-08-16T17:24:42.752Z] Session [9ea91af0-443b-11e5-be97-c57799bbbdbd] - page.onError - stack:
  global code (http://www.youdaili.net/static/js/commons.js?v=2013012412:29)

  :262 in error
[ERROR - 2015-08-16T17:24:55.745Z] Session [9ea91af0-443b-11e5-be97-c57799bbbdbd] - page.onError - msg: TypeError: null is not an object (evaluating 'document.body')

  :262 in error
[ERROR - 2015-08-16T17:24:55.745Z] Session [9ea91af0-443b-11e5-be97-c57799bbbdbd] - page.onError - stack:
  global code (http://www.youdaili.net/static/js/commons.js?v=2013012412:29)

  :262 in error
[ERROR - 2015-08-16T17:25:08.840Z] Session [9ea91af0-443b-11e5-be97-c57799bbbdbd] - page.onError - msg: TypeError: null is not an object (evaluating 'document.body')

  :262 in error
[ERROR - 2015-08-16T17:25:08.840Z] Session [9ea91af0-443b-11e5-be97-c57799bbbdbd] - page.onError - stack:
  global code (http://www.youdaili.net/static/js/commons.js?v=2013012412:29)

  :262 in error
[ERROR - 2015-08-16T17:25:22.006Z] Session [9ea91af0-443b-11e5-be97-c57799bbbdbd] - page.onError - msg: TypeError: null is not an object (evaluating 'document.body')

  :262 in error
[ERROR - 2015-08-16T17:25:22.006Z] Session [9ea91af0-443b-11e5-be97-c57799bbbdbd] - page.onError - stack:
  global code (http://www.youdaili.net/static/js/commons.js?v=2013012412:29)

  :262 in error
