PhantomJS is launching GhostDriver...
[INFO  - 2015-09-25T16:05:46.140Z] GhostDriver - Main - running on port 51154
[INFO  - 2015-09-25T16:05:46.264Z] Session [47f0ee30-639f-11e5-b125-1b93de607f3d] - page.settings - {"XSSAuditingEnabled":false,"javascriptCanCloseWindows":true,"javascriptCanOpenWindows":true,"javascriptEnabled":true,"loadImages":true,"localToRemoteUrlAccessEnabled":false,"userAgent":"Mozilla/5.0 (Windows NT 6.1; WOW64) AppleWebKit/534.34 (KHTML, like Gecko) PhantomJS/1.9.7 Safari/534.34","webSecurityEnabled":true}
[INFO  - 2015-09-25T16:05:46.264Z] Session [47f0ee30-639f-11e5-b125-1b93de607f3d] - page.customHeaders:  - {}
[INFO  - 2015-09-25T16:05:46.264Z] Session [47f0ee30-639f-11e5-b125-1b93de607f3d] - Session.negotiatedCapabilities - {"browserName":"phantomjs","version":"1.9.7","driverName":"ghostdriver","driverVersion":"1.1.0","platform":"windows-7-32bit","javascriptEnabled":true,"takesScreenshot":true,"handlesAlerts":false,"databaseEnabled":false,"locationContextEnabled":false,"applicationCacheEnabled":false,"browserConnectionEnabled":false,"cssSelectorsEnabled":true,"webStorageEnabled":false,"rotatable":false,"acceptSslCerts":false,"nativeEvents":true,"proxy":{"proxyType":"direct"}}
[INFO  - 2015-09-25T16:05:46.265Z] SessionManagerReqHand - _postNewSessionCommand - New Session Created: 47f0ee30-639f-11e5-b125-1b93de607f3d
[ERROR - 2015-09-25T16:05:46.423Z] Session [47f0ee30-639f-11e5-b125-1b93de607f3d] - page.onError - msg: TypeError: 'null' is not an object (evaluating 'document.body')
[ERROR - 2015-09-25T16:05:46.423Z] Session [47f0ee30-639f-11e5-b125-1b93de607f3d] - page.onError - stack:
  (anonymous function) (http://www.youdaili.net/static/js/commons.js?v=2013012412:43)
[ERROR - 2015-09-25T16:05:48.500Z] Session [47f0ee30-639f-11e5-b125-1b93de607f3d] - page.onError - msg: TypeError: 'null' is not an object (evaluating 'document.body')
[ERROR - 2015-09-25T16:05:48.501Z] Session [47f0ee30-639f-11e5-b125-1b93de607f3d] - page.onError - stack:
  (anonymous function) (http://www.youdaili.net/static/js/commons.js?v=2013012412:43)
[ERROR - 2015-09-25T16:05:49.513Z] Session [47f0ee30-639f-11e5-b125-1b93de607f3d] - page.onError - msg: TypeError: 'null' is not an object (evaluating 'document.body')
[ERROR - 2015-09-25T16:05:49.513Z] Session [47f0ee30-639f-11e5-b125-1b93de607f3d] - page.onError - stack:
  (anonymous function) (http://www.youdaili.net/static/js/commons.js?v=2013012412:43)
[ERROR - 2015-09-25T16:05:51.166Z] Session [47f0ee30-639f-11e5-b125-1b93de607f3d] - page.onError - msg: TypeError: 'null' is not an object (evaluating 'document.body')
[ERROR - 2015-09-25T16:05:51.166Z] Session [47f0ee30-639f-11e5-b125-1b93de607f3d] - page.onError - stack:
  (anonymous function) (http://www.youdaili.net/static/js/commons.js?v=2013012412:43)
[ERROR - 2015-09-25T16:05:52.531Z] Session [47f0ee30-639f-11e5-b125-1b93de607f3d] - page.onError - msg: TypeError: 'null' is not an object (evaluating 'document.body')
[ERROR - 2015-09-25T16:05:52.531Z] Session [47f0ee30-639f-11e5-b125-1b93de607f3d] - page.onError - stack:
  (anonymous function) (http://www.youdaili.net/static/js/commons.js?v=2013012412:43)
[ERROR - 2015-09-25T16:05:54.427Z] Session [47f0ee30-639f-11e5-b125-1b93de607f3d] - page.onError - msg: TypeError: 'null' is not an object (evaluating 'document.body')
[ERROR - 2015-09-25T16:05:54.427Z] Session [47f0ee30-639f-11e5-b125-1b93de607f3d] - page.onError - stack:
  (anonymous function) (http://www.youdaili.net/static/js/commons.js?v=2013012412:43)
