PhantomJS is launching GhostDriver...
[INFO  - 2015-08-17T10:13:29.904Z] GhostDriver - Main - running on port 56851
[INFO  - 2015-08-17T10:13:30.220Z] Session [9bc42860-44c8-11e5-8f33-3b2e63e971b9] - page.settings - {"XSSAuditingEnabled":false,"javascriptCanCloseWindows":true,"javascriptCanOpenWindows":true,"javascriptEnabled":true,"loadImages":true,"localToRemoteUrlAccessEnabled":false,"userAgent":"Mozilla/5.0 (Windows NT 6.1; WOW64) AppleWebKit/534.34 (KHTML, like Gecko) PhantomJS/1.9.7 Safari/534.34","webSecurityEnabled":true}
[INFO  - 2015-08-17T10:13:30.220Z] Session [9bc42860-44c8-11e5-8f33-3b2e63e971b9] - page.customHeaders:  - {}
[INFO  - 2015-08-17T10:13:30.220Z] Session [9bc42860-44c8-11e5-8f33-3b2e63e971b9] - Session.negotiatedCapabilities - {"browserName":"phantomjs","version":"1.9.7","driverName":"ghostdriver","driverVersion":"1.1.0","platform":"windows-7-32bit","javascriptEnabled":true,"takesScreenshot":true,"handlesAlerts":false,"databaseEnabled":false,"locationContextEnabled":false,"applicationCacheEnabled":false,"browserConnectionEnabled":false,"cssSelectorsEnabled":true,"webStorageEnabled":false,"rotatable":false,"acceptSslCerts":false,"nativeEvents":true,"proxy":{"proxyType":"direct"}}
[INFO  - 2015-08-17T10:13:30.220Z] SessionManagerReqHand - _postNewSessionCommand - New Session Created: 9bc42860-44c8-11e5-8f33-3b2e63e971b9
[ERROR - 2015-08-17T10:14:10.975Z] WebElementLocator - _handleLocateCommand - Element(s) NOT Found: GAVE UP. Search Stop Time: 1439806450914
[ERROR - 2015-08-17T10:14:18.337Z] WebElementLocator - _handleLocateCommand - Element(s) NOT Found: GAVE UP. Search Stop Time: 1439806458287
[ERROR - 2015-08-17T10:14:22.363Z] WebElementLocator - _handleLocateCommand - Element(s) NOT Found: GAVE UP. Search Stop Time: 1439806462303
[ERROR - 2015-08-17T10:14:27.355Z] WebElementLocator - _handleLocateCommand - Element(s) NOT Found: GAVE UP. Search Stop Time: 1439806467296
[ERROR - 2015-08-17T10:14:33.096Z] WebElementLocator - _handleLocateCommand - Element(s) NOT Found: GAVE UP. Search Stop Time: 1439806473033
[ERROR - 2015-08-17T10:14:37.729Z] WebElementLocator - _handleLocateCommand - Element(s) NOT Found: GAVE UP. Search Stop Time: 1439806477673
[ERROR - 2015-08-17T10:14:42.039Z] WebElementLocator - _handleLocateCommand - Element(s) NOT Found: GAVE UP. Search Stop Time: 1439806482032
[ERROR - 2015-08-17T10:14:48.054Z] WebElementLocator - _handleLocateCommand - Element(s) NOT Found: GAVE UP. Search Stop Time: 1439806487997
[ERROR - 2015-08-17T10:14:53.063Z] WebElementLocator - _handleLocateCommand - Element(s) NOT Found: GAVE UP. Search Stop Time: 1439806493009
[ERROR - 2015-08-17T10:14:59.930Z] WebElementLocator - _handleLocateCommand - Element(s) NOT Found: GAVE UP. Search Stop Time: 1439806499927
[ERROR - 2015-08-17T10:15:06.200Z] WebElementLocator - _handleLocateCommand - Element(s) NOT Found: GAVE UP. Search Stop Time: 1439806506146
[ERROR - 2015-08-17T10:15:11.142Z] WebElementLocator - _handleLocateCommand - Element(s) NOT Found: GAVE UP. Search Stop Time: 1439806511081
[ERROR - 2015-08-17T10:15:16.313Z] WebElementLocator - _handleLocateCommand - Element(s) NOT Found: GAVE UP. Search Stop Time: 1439806516311
[ERROR - 2015-08-17T10:15:22.721Z] WebElementLocator - _handleLocateCommand - Element(s) NOT Found: GAVE UP. Search Stop Time: 1439806522714
[ERROR - 2015-08-17T10:15:29.147Z] WebElementLocator - _handleLocateCommand - Element(s) NOT Found: GAVE UP. Search Stop Time: 1439806529089
[ERROR - 2015-08-17T10:15:35.161Z] WebElementLocator - _handleLocateCommand - Element(s) NOT Found: GAVE UP. Search Stop Time: 1439806535108
[ERROR - 2015-08-17T10:15:40.672Z] WebElementLocator - _handleLocateCommand - Element(s) NOT Found: GAVE UP. Search Stop Time: 1439806540614
[ERROR - 2015-08-17T10:15:45.575Z] WebElementLocator - _handleLocateCommand - Element(s) NOT Found: GAVE UP. Search Stop Time: 1439806545487
[ERROR - 2015-08-17T10:15:50.222Z] WebElementLocator - _handleLocateCommand - Element(s) NOT Found: GAVE UP. Search Stop Time: 1439806550157
[ERROR - 2015-08-17T10:15:54.026Z] WebElementLocator - _handleLocateCommand - Element(s) NOT Found: GAVE UP. Search Stop Time: 1439806553982
[ERROR - 2015-08-17T10:15:58.181Z] WebElementLocator - _handleLocateCommand - Element(s) NOT Found: GAVE UP. Search Stop Time: 1439806558126
[ERROR - 2015-08-17T10:16:02.654Z] WebElementLocator - _handleLocateCommand - Element(s) NOT Found: GAVE UP. Search Stop Time: 1439806562624
[ERROR - 2015-08-17T10:16:06.740Z] WebElementLocator - _handleLocateCommand - Element(s) NOT Found: GAVE UP. Search Stop Time: 1439806566685
[ERROR - 2015-08-17T10:16:11.529Z] WebElementLocator - _handleLocateCommand - Element(s) NOT Found: GAVE UP. Search Stop Time: 1439806571470
[ERROR - 2015-08-17T10:16:18.005Z] WebElementLocator - _handleLocateCommand - Element(s) NOT Found: GAVE UP. Search Stop Time: 1439806578002
[ERROR - 2015-08-17T10:16:22.445Z] WebElementLocator - _handleLocateCommand - Element(s) NOT Found: GAVE UP. Search Stop Time: 1439806582425
[ERROR - 2015-08-17T10:16:26.839Z] WebElementLocator - _handleLocateCommand - Element(s) NOT Found: GAVE UP. Search Stop Time: 1439806586835
[ERROR - 2015-08-17T10:16:30.157Z] WebElementLocator - _handleLocateCommand - Element(s) NOT Found: GAVE UP. Search Stop Time: 1439806590095
[ERROR - 2015-08-17T10:16:35.337Z] WebElementLocator - _handleLocateCommand - Element(s) NOT Found: GAVE UP. Search Stop Time: 1439806595279
[ERROR - 2015-08-17T10:16:40.997Z] WebElementLocator - _handleLocateCommand - Element(s) NOT Found: GAVE UP. Search Stop Time: 1439806600951
[ERROR - 2015-08-17T10:16:45.227Z] WebElementLocator - _handleLocateCommand - Element(s) NOT Found: GAVE UP. Search Stop Time: 1439806605202
[ERROR - 2015-08-17T10:16:48.611Z] WebElementLocator - _handleLocateCommand - Element(s) NOT Found: GAVE UP. Search Stop Time: 1439806608609
[ERROR - 2015-08-17T10:16:53.070Z] WebElementLocator - _handleLocateCommand - Element(s) NOT Found: GAVE UP. Search Stop Time: 1439806613024
[ERROR - 2015-08-17T10:16:58.185Z] WebElementLocator - _handleLocateCommand - Element(s) NOT Found: GAVE UP. Search Stop Time: 1439806618130
[ERROR - 2015-08-17T10:17:03.646Z] WebElementLocator - _handleLocateCommand - Element(s) NOT Found: GAVE UP. Search Stop Time: 1439806623586
[ERROR - 2015-08-17T10:17:07.581Z] WebElementLocator - _handleLocateCommand - Element(s) NOT Found: GAVE UP. Search Stop Time: 1439806627575
[ERROR - 2015-08-17T10:17:12.867Z] WebElementLocator - _handleLocateCommand - Element(s) NOT Found: GAVE UP. Search Stop Time: 1439806632866
[ERROR - 2015-08-17T10:17:19.762Z] WebElementLocator - _handleLocateCommand - Element(s) NOT Found: GAVE UP. Search Stop Time: 1439806639704
[ERROR - 2015-08-17T10:17:24.394Z] WebElementLocator - _handleLocateCommand - Element(s) NOT Found: GAVE UP. Search Stop Time: 1439806644337
[ERROR - 2015-08-17T10:17:28.482Z] WebElementLocator - _handleLocateCommand - Element(s) NOT Found: GAVE UP. Search Stop Time: 1439806648427
[ERROR - 2015-08-17T10:17:33.239Z] WebElementLocator - _handleLocateCommand - Element(s) NOT Found: GAVE UP. Search Stop Time: 1439806653187
[ERROR - 2015-08-17T10:17:37.748Z] WebElementLocator - _handleLocateCommand - Element(s) NOT Found: GAVE UP. Search Stop Time: 1439806657705
[ERROR - 2015-08-17T10:17:42.911Z] WebElementLocator - _handleLocateCommand - Element(s) NOT Found: GAVE UP. Search Stop Time: 1439806662844
[ERROR - 2015-08-17T10:17:46.548Z] WebElementLocator - _handleLocateCommand - Element(s) NOT Found: GAVE UP. Search Stop Time: 1439806666487
[ERROR - 2015-08-17T10:17:49.371Z] WebElementLocator - _handleLocateCommand - Element(s) NOT Found: GAVE UP. Search Stop Time: 1439806669320
[ERROR - 2015-08-17T10:17:53.473Z] WebElementLocator - _handleLocateCommand - Element(s) NOT Found: GAVE UP. Search Stop Time: 1439806673413
[ERROR - 2015-08-17T10:17:58.434Z] WebElementLocator - _handleLocateCommand - Element(s) NOT Found: GAVE UP. Search Stop Time: 1439806678418
[ERROR - 2015-08-17T10:18:03.317Z] WebElementLocator - _handleLocateCommand - Element(s) NOT Found: GAVE UP. Search Stop Time: 1439806683299
[ERROR - 2015-08-17T10:18:13.176Z] WebElementLocator - _handleLocateCommand - Element(s) NOT Found: GAVE UP. Search Stop Time: 1439806693119
[ERROR - 2015-08-17T10:18:18.494Z] WebElementLocator - _handleLocateCommand - Element(s) NOT Found: GAVE UP. Search Stop Time: 1439806698452
[ERROR - 2015-08-17T10:18:22.599Z] WebElementLocator - _handleLocateCommand - Element(s) NOT Found: GAVE UP. Search Stop Time: 1439806702595
[ERROR - 2015-08-17T10:18:28.807Z] WebElementLocator - _handleLocateCommand - Element(s) NOT Found: GAVE UP. Search Stop Time: 1439806708805
[INFO  - 2015-08-17T10:18:33.571Z] SessionManagerReqHand - _cleanupWindowlessSessions - Asynchronous Sessions clean-up phase starting NOW
[ERROR - 2015-08-17T10:18:33.988Z] WebElementLocator - _handleLocateCommand - Element(s) NOT Found: GAVE UP. Search Stop Time: 1439806713930
[ERROR - 2015-08-17T10:18:39.339Z] WebElementLocator - _handleLocateCommand - Element(s) NOT Found: GAVE UP. Search Stop Time: 1439806719296
[ERROR - 2015-08-17T10:18:44.222Z] WebElementLocator - _handleLocateCommand - Element(s) NOT Found: GAVE UP. Search Stop Time: 1439806724220
[ERROR - 2015-08-17T10:18:50.037Z] WebElementLocator - _handleLocateCommand - Element(s) NOT Found: GAVE UP. Search Stop Time: 1439806729982
[ERROR - 2015-08-17T10:18:54.255Z] WebElementLocator - _handleLocateCommand - Element(s) NOT Found: GAVE UP. Search Stop Time: 1439806734186
[ERROR - 2015-08-17T10:18:58.102Z] WebElementLocator - _handleLocateCommand - Element(s) NOT Found: GAVE UP. Search Stop Time: 1439806738084
[ERROR - 2015-08-17T10:19:03.167Z] WebElementLocator - _handleLocateCommand - Element(s) NOT Found: GAVE UP. Search Stop Time: 1439806743115
[ERROR - 2015-08-17T10:19:06.700Z] WebElementLocator - _handleLocateCommand - Element(s) NOT Found: GAVE UP. Search Stop Time: 1439806746649
[ERROR - 2015-08-17T10:19:11.799Z] WebElementLocator - _handleLocateCommand - Element(s) NOT Found: GAVE UP. Search Stop Time: 1439806751750
[ERROR - 2015-08-17T10:19:17.809Z] WebElementLocator - _handleLocateCommand - Element(s) NOT Found: GAVE UP. Search Stop Time: 1439806757752
[ERROR - 2015-08-17T10:19:23.609Z] WebElementLocator - _handleLocateCommand - Element(s) NOT Found: GAVE UP. Search Stop Time: 1439806763548
[ERROR - 2015-08-17T10:19:28.385Z] WebElementLocator - _handleLocateCommand - Element(s) NOT Found: GAVE UP. Search Stop Time: 1439806768324
[ERROR - 2015-08-17T10:19:33.713Z] WebElementLocator - _handleLocateCommand - Element(s) NOT Found: GAVE UP. Search Stop Time: 1439806773621
[ERROR - 2015-08-17T10:19:37.273Z] WebElementLocator - _handleLocateCommand - Element(s) NOT Found: GAVE UP. Search Stop Time: 1439806777244
[ERROR - 2015-08-17T10:19:41.582Z] WebElementLocator - _handleLocateCommand - Element(s) NOT Found: GAVE UP. Search Stop Time: 1439806781518
[ERROR - 2015-08-17T10:19:45.791Z] WebElementLocator - _handleLocateCommand - Element(s) NOT Found: GAVE UP. Search Stop Time: 1439806785735
[ERROR - 2015-08-17T10:19:51.565Z] WebElementLocator - _handleLocateCommand - Element(s) NOT Found: GAVE UP. Search Stop Time: 1439806791496
[ERROR - 2015-08-17T10:19:56.116Z] WebElementLocator - _handleLocateCommand - Element(s) NOT Found: GAVE UP. Search Stop Time: 1439806796057
[ERROR - 2015-08-17T10:20:00.411Z] WebElementLocator - _handleLocateCommand - Element(s) NOT Found: GAVE UP. Search Stop Time: 1439806800382
[ERROR - 2015-08-17T10:20:03.857Z] WebElementLocator - _handleLocateCommand - Element(s) NOT Found: GAVE UP. Search Stop Time: 1439806803796
[ERROR - 2015-08-17T10:20:07.648Z] WebElementLocator - _handleLocateCommand - Element(s) NOT Found: GAVE UP. Search Stop Time: 1439806807645
[ERROR - 2015-08-17T10:20:10.738Z] WebElementLocator - _handleLocateCommand - Element(s) NOT Found: GAVE UP. Search Stop Time: 1439806810680
[ERROR - 2015-08-17T10:20:14.337Z] WebElementLocator - _handleLocateCommand - Element(s) NOT Found: GAVE UP. Search Stop Time: 1439806814279
[ERROR - 2015-08-17T10:20:20.710Z] WebElementLocator - _handleLocateCommand - Element(s) NOT Found: GAVE UP. Search Stop Time: 1439806820688
[ERROR - 2015-08-17T10:20:26.181Z] WebElementLocator - _handleLocateCommand - Element(s) NOT Found: GAVE UP. Search Stop Time: 1439806826115
[ERROR - 2015-08-17T10:20:30.472Z] WebElementLocator - _handleLocateCommand - Element(s) NOT Found: GAVE UP. Search Stop Time: 1439806830411
[ERROR - 2015-08-17T10:20:35.943Z] WebElementLocator - _handleLocateCommand - Element(s) NOT Found: GAVE UP. Search Stop Time: 1439806835889
[ERROR - 2015-08-17T10:20:40.176Z] WebElementLocator - _handleLocateCommand - Element(s) NOT Found: GAVE UP. Search Stop Time: 1439806840160
[ERROR - 2015-08-17T10:20:43.668Z] WebElementLocator - _handleLocateCommand - Element(s) NOT Found: GAVE UP. Search Stop Time: 1439806843613
[ERROR - 2015-08-17T10:20:47.615Z] WebElementLocator - _handleLocateCommand - Element(s) NOT Found: GAVE UP. Search Stop Time: 1439806847558
[ERROR - 2015-08-17T10:20:51.964Z] WebElementLocator - _handleLocateCommand - Element(s) NOT Found: GAVE UP. Search Stop Time: 1439806851901
[ERROR - 2015-08-17T10:20:57.395Z] WebElementLocator - _handleLocateCommand - Element(s) NOT Found: GAVE UP. Search Stop Time: 1439806857333
[ERROR - 2015-08-17T10:21:01.851Z] WebElementLocator - _handleLocateCommand - Element(s) NOT Found: GAVE UP. Search Stop Time: 1439806861849
[ERROR - 2015-08-17T10:21:07.159Z] WebElementLocator - _handleLocateCommand - Element(s) NOT Found: GAVE UP. Search Stop Time: 1439806867109
[ERROR - 2015-08-17T10:21:10.934Z] WebElementLocator - _handleLocateCommand - Element(s) NOT Found: GAVE UP. Search Stop Time: 1439806870933
[ERROR - 2015-08-17T10:21:15.505Z] WebElementLocator - _handleLocateCommand - Element(s) NOT Found: GAVE UP. Search Stop Time: 1439806875452
[ERROR - 2015-08-17T10:21:19.781Z] WebElementLocator - _handleLocateCommand - Element(s) NOT Found: GAVE UP. Search Stop Time: 1439806879719
[ERROR - 2015-08-17T10:21:24.617Z] WebElementLocator - _handleLocateCommand - Element(s) NOT Found: GAVE UP. Search Stop Time: 1439806884563
[ERROR - 2015-08-17T10:21:28.579Z] WebElementLocator - _handleLocateCommand - Element(s) NOT Found: GAVE UP. Search Stop Time: 1439806888528
[ERROR - 2015-08-17T10:21:32.388Z] WebElementLocator - _handleLocateCommand - Element(s) NOT Found: GAVE UP. Search Stop Time: 1439806892323
[ERROR - 2015-08-17T10:21:35.239Z] WebElementLocator - _handleLocateCommand - Element(s) NOT Found: GAVE UP. Search Stop Time: 1439806895238
[ERROR - 2015-08-17T10:21:39.187Z] WebElementLocator - _handleLocateCommand - Element(s) NOT Found: GAVE UP. Search Stop Time: 1439806899184
[ERROR - 2015-08-17T10:21:43.163Z] WebElementLocator - _handleLocateCommand - Element(s) NOT Found: GAVE UP. Search Stop Time: 1439806903147
[ERROR - 2015-08-17T10:21:47.219Z] WebElementLocator - _handleLocateCommand - Element(s) NOT Found: GAVE UP. Search Stop Time: 1439806907170
[ERROR - 2015-08-17T10:21:55.298Z] WebElementLocator - _handleLocateCommand - Element(s) NOT Found: GAVE UP. Search Stop Time: 1439806915240
[ERROR - 2015-08-17T10:21:59.884Z] WebElementLocator - _handleLocateCommand - Element(s) NOT Found: GAVE UP. Search Stop Time: 1439806919827
[ERROR - 2015-08-17T10:22:03.743Z] WebElementLocator - _handleLocateCommand - Element(s) NOT Found: GAVE UP. Search Stop Time: 1439806923709
[ERROR - 2015-08-17T10:22:08.636Z] WebElementLocator - _handleLocateCommand - Element(s) NOT Found: GAVE UP. Search Stop Time: 1439806928582
[ERROR - 2015-08-17T10:22:13.321Z] WebElementLocator - _handleLocateCommand - Element(s) NOT Found: GAVE UP. Search Stop Time: 1439806933264
[ERROR - 2015-08-17T10:22:17.514Z] WebElementLocator - _handleLocateCommand - Element(s) NOT Found: GAVE UP. Search Stop Time: 1439806937464
[ERROR - 2015-08-17T10:22:21.572Z] WebElementLocator - _handleLocateCommand - Element(s) NOT Found: GAVE UP. Search Stop Time: 1439806941509
[ERROR - 2015-08-17T10:22:26.498Z] WebElementLocator - _handleLocateCommand - Element(s) NOT Found: GAVE UP. Search Stop Time: 1439806946454
[ERROR - 2015-08-17T10:22:31.447Z] WebElementLocator - _handleLocateCommand - Element(s) NOT Found: GAVE UP. Search Stop Time: 1439806951392
[ERROR - 2015-08-17T10:22:35.124Z] WebElementLocator - _handleLocateCommand - Element(s) NOT Found: GAVE UP. Search Stop Time: 1439806955122
[ERROR - 2015-08-17T10:22:39.980Z] WebElementLocator - _handleLocateCommand - Element(s) NOT Found: GAVE UP. Search Stop Time: 1439806959922
[ERROR - 2015-08-17T10:22:44.656Z] WebElementLocator - _handleLocateCommand - Element(s) NOT Found: GAVE UP. Search Stop Time: 1439806964609
[ERROR - 2015-08-17T10:22:49.467Z] WebElementLocator - _handleLocateCommand - Element(s) NOT Found: GAVE UP. Search Stop Time: 1439806969269
[ERROR - 2015-08-17T10:22:54.554Z] WebElementLocator - _handleLocateCommand - Element(s) NOT Found: GAVE UP. Search Stop Time: 1439806974518
[ERROR - 2015-08-17T10:22:58.759Z] WebElementLocator - _handleLocateCommand - Element(s) NOT Found: GAVE UP. Search Stop Time: 1439806978756
[ERROR - 2015-08-17T10:23:02.739Z] WebElementLocator - _handleLocateCommand - Element(s) NOT Found: GAVE UP. Search Stop Time: 1439806982689
[ERROR - 2015-08-17T10:23:08.557Z] WebElementLocator - _handleLocateCommand - Element(s) NOT Found: GAVE UP. Search Stop Time: 1439806988503
[ERROR - 2015-08-17T10:23:13.877Z] WebElementLocator - _handleLocateCommand - Element(s) NOT Found: GAVE UP. Search Stop Time: 1439806993812
[ERROR - 2015-08-17T10:23:18.929Z] WebElementLocator - _handleLocateCommand - Element(s) NOT Found: GAVE UP. Search Stop Time: 1439806998868
[ERROR - 2015-08-17T10:23:25.387Z] WebElementLocator - _handleLocateCommand - Element(s) NOT Found: GAVE UP. Search Stop Time: 1439807005337
[ERROR - 2015-08-17T10:23:30.273Z] WebElementLocator - _handleLocateCommand - Element(s) NOT Found: GAVE UP. Search Stop Time: 1439807010213
[INFO  - 2015-08-17T10:23:35.649Z] SessionManagerReqHand - _cleanupWindowlessSessions - Asynchronous Sessions clean-up phase starting NOW
[ERROR - 2015-08-17T10:23:35.902Z] WebElementLocator - _handleLocateCommand - Element(s) NOT Found: GAVE UP. Search Stop Time: 1439807015839
[ERROR - 2015-08-17T10:23:40.535Z] WebElementLocator - _handleLocateCommand - Element(s) NOT Found: GAVE UP. Search Stop Time: 1439807020522
[ERROR - 2015-08-17T10:23:44.715Z] WebElementLocator - _handleLocateCommand - Element(s) NOT Found: GAVE UP. Search Stop Time: 1439807024696
[ERROR - 2015-08-17T10:23:48.413Z] WebElementLocator - _handleLocateCommand - Element(s) NOT Found: GAVE UP. Search Stop Time: 1439807028411
[ERROR - 2015-08-17T10:23:53.631Z] WebElementLocator - _handleLocateCommand - Element(s) NOT Found: GAVE UP. Search Stop Time: 1439807033585
[ERROR - 2015-08-17T10:23:57.429Z] WebElementLocator - _handleLocateCommand - Element(s) NOT Found: GAVE UP. Search Stop Time: 1439807037367
[ERROR - 2015-08-17T10:24:01.752Z] WebElementLocator - _handleLocateCommand - Element(s) NOT Found: GAVE UP. Search Stop Time: 1439807041700
[ERROR - 2015-08-17T10:24:05.950Z] WebElementLocator - _handleLocateCommand - Element(s) NOT Found: GAVE UP. Search Stop Time: 1439807045943
[ERROR - 2015-08-17T10:24:10.050Z] WebElementLocator - _handleLocateCommand - Element(s) NOT Found: GAVE UP. Search Stop Time: 1439807049991
[ERROR - 2015-08-17T10:24:14.511Z] WebElementLocator - _handleLocateCommand - Element(s) NOT Found: GAVE UP. Search Stop Time: 1439807054451
[ERROR - 2015-08-17T10:24:20.324Z] WebElementLocator - _handleLocateCommand - Element(s) NOT Found: GAVE UP. Search Stop Time: 1439807060305
[ERROR - 2015-08-17T10:24:25.950Z] WebElementLocator - _handleLocateCommand - Element(s) NOT Found: GAVE UP. Search Stop Time: 1439807065941
[ERROR - 2015-08-17T10:24:30.999Z] WebElementLocator - _handleLocateCommand - Element(s) NOT Found: GAVE UP. Search Stop Time: 1439807070931
[ERROR - 2015-08-17T10:24:35.351Z] WebElementLocator - _handleLocateCommand - Element(s) NOT Found: GAVE UP. Search Stop Time: 1439807075231
[ERROR - 2015-08-17T10:24:39.844Z] WebElementLocator - _handleLocateCommand - Element(s) NOT Found: GAVE UP. Search Stop Time: 1439807079833
[ERROR - 2015-08-17T10:24:45.804Z] WebElementLocator - _handleLocateCommand - Element(s) NOT Found: GAVE UP. Search Stop Time: 1439807085750
[ERROR - 2015-08-17T10:24:49.675Z] WebElementLocator - _handleLocateCommand - Element(s) NOT Found: GAVE UP. Search Stop Time: 1439807089653
[ERROR - 2015-08-17T10:24:54.324Z] WebElementLocator - _handleLocateCommand - Element(s) NOT Found: GAVE UP. Search Stop Time: 1439807094292
[ERROR - 2015-08-17T10:24:59.080Z] WebElementLocator - _handleLocateCommand - Element(s) NOT Found: GAVE UP. Search Stop Time: 1439807099017
[ERROR - 2015-08-17T10:25:04.242Z] WebElementLocator - _handleLocateCommand - Element(s) NOT Found: GAVE UP. Search Stop Time: 1439807104241
[ERROR - 2015-08-17T10:25:07.507Z] WebElementLocator - _handleLocateCommand - Element(s) NOT Found: GAVE UP. Search Stop Time: 1439807107456
[ERROR - 2015-08-17T10:25:11.840Z] WebElementLocator - _handleLocateCommand - Element(s) NOT Found: GAVE UP. Search Stop Time: 1439807111789
[ERROR - 2015-08-17T10:25:15.833Z] WebElementLocator - _handleLocateCommand - Element(s) NOT Found: GAVE UP. Search Stop Time: 1439807115795
[ERROR - 2015-08-17T10:25:20.077Z] WebElementLocator - _handleLocateCommand - Element(s) NOT Found: GAVE UP. Search Stop Time: 1439807120022
[ERROR - 2015-08-17T10:25:24.679Z] WebElementLocator - _handleLocateCommand - Element(s) NOT Found: GAVE UP. Search Stop Time: 1439807124665
[ERROR - 2015-08-17T10:25:29.551Z] WebElementLocator - _handleLocateCommand - Element(s) NOT Found: GAVE UP. Search Stop Time: 1439807129487
[ERROR - 2015-08-17T10:25:34.055Z] WebElementLocator - _handleLocateCommand - Element(s) NOT Found: GAVE UP. Search Stop Time: 1439807133994
[ERROR - 2015-08-17T10:25:42.182Z] WebElementLocator - _handleLocateCommand - Element(s) NOT Found: GAVE UP. Search Stop Time: 1439807142129
[ERROR - 2015-08-17T10:25:46.455Z] WebElementLocator - _handleLocateCommand - Element(s) NOT Found: GAVE UP. Search Stop Time: 1439807146446
[ERROR - 2015-08-17T10:25:52.367Z] WebElementLocator - _handleLocateCommand - Element(s) NOT Found: GAVE UP. Search Stop Time: 1439807152350
[ERROR - 2015-08-17T10:25:57.064Z] WebElementLocator - _handleLocateCommand - Element(s) NOT Found: GAVE UP. Search Stop Time: 1439807157054
[ERROR - 2015-08-17T10:26:01.389Z] WebElementLocator - _handleLocateCommand - Element(s) NOT Found: GAVE UP. Search Stop Time: 1439807161317
[ERROR - 2015-08-17T10:26:07.578Z] WebElementLocator - _handleLocateCommand - Element(s) NOT Found: GAVE UP. Search Stop Time: 1439807167573
[ERROR - 2015-08-17T10:26:12.805Z] WebElementLocator - _handleLocateCommand - Element(s) NOT Found: GAVE UP. Search Stop Time: 1439807172740
[ERROR - 2015-08-17T10:26:17.783Z] WebElementLocator - _handleLocateCommand - Element(s) NOT Found: GAVE UP. Search Stop Time: 1439807177730
[ERROR - 2015-08-17T10:26:22.320Z] WebElementLocator - _handleLocateCommand - Element(s) NOT Found: GAVE UP. Search Stop Time: 1439807182263
[ERROR - 2015-08-17T10:26:27.519Z] WebElementLocator - _handleLocateCommand - Element(s) NOT Found: GAVE UP. Search Stop Time: 1439807187454
[ERROR - 2015-08-17T10:26:32.927Z] WebElementLocator - _handleLocateCommand - Element(s) NOT Found: GAVE UP. Search Stop Time: 1439807192925
[ERROR - 2015-08-17T10:26:38.499Z] WebElementLocator - _handleLocateCommand - Element(s) NOT Found: GAVE UP. Search Stop Time: 1439807198437
[ERROR - 2015-08-17T10:26:43.518Z] WebElementLocator - _handleLocateCommand - Element(s) NOT Found: GAVE UP. Search Stop Time: 1439807203471
[ERROR - 2015-08-17T10:26:49.009Z] WebElementLocator - _handleLocateCommand - Element(s) NOT Found: GAVE UP. Search Stop Time: 1439807208949
[ERROR - 2015-08-17T10:26:53.819Z] WebElementLocator - _handleLocateCommand - Element(s) NOT Found: GAVE UP. Search Stop Time: 1439807213753
[ERROR - 2015-08-17T10:26:58.137Z] WebElementLocator - _handleLocateCommand - Element(s) NOT Found: GAVE UP. Search Stop Time: 1439807218091
[ERROR - 2015-08-17T10:27:03.598Z] WebElementLocator - _handleLocateCommand - Element(s) NOT Found: GAVE UP. Search Stop Time: 1439807223530
[ERROR - 2015-08-17T10:27:08.090Z] WebElementLocator - _handleLocateCommand - Element(s) NOT Found: GAVE UP. Search Stop Time: 1439807227988
[ERROR - 2015-08-17T10:27:13.037Z] WebElementLocator - _handleLocateCommand - Element(s) NOT Found: GAVE UP. Search Stop Time: 1439807232974
[ERROR - 2015-08-17T10:27:18.989Z] WebElementLocator - _handleLocateCommand - Element(s) NOT Found: GAVE UP. Search Stop Time: 1439807238943
[ERROR - 2015-08-17T10:27:23.519Z] WebElementLocator - _handleLocateCommand - Element(s) NOT Found: GAVE UP. Search Stop Time: 1439807243477
[ERROR - 2015-08-17T10:27:27.902Z] WebElementLocator - _handleLocateCommand - Element(s) NOT Found: GAVE UP. Search Stop Time: 1439807247683
[ERROR - 2015-08-17T10:27:32.569Z] WebElementLocator - _handleLocateCommand - Element(s) NOT Found: GAVE UP. Search Stop Time: 1439807252563
[ERROR - 2015-08-17T10:27:37.592Z] WebElementLocator - _handleLocateCommand - Element(s) NOT Found: GAVE UP. Search Stop Time: 1439807257527
[ERROR - 2015-08-17T10:27:43.669Z] WebElementLocator - _handleLocateCommand - Element(s) NOT Found: GAVE UP. Search Stop Time: 1439807263629
[ERROR - 2015-08-17T10:27:47.415Z] WebElementLocator - _handleLocateCommand - Element(s) NOT Found: GAVE UP. Search Stop Time: 1439807267381
[ERROR - 2015-08-17T10:27:52.631Z] WebElementLocator - _handleLocateCommand - Element(s) NOT Found: GAVE UP. Search Stop Time: 1439807272629
[ERROR - 2015-08-17T10:27:57.587Z] WebElementLocator - _handleLocateCommand - Element(s) NOT Found: GAVE UP. Search Stop Time: 1439807277539
[ERROR - 2015-08-17T10:28:02.522Z] WebElementLocator - _handleLocateCommand - Element(s) NOT Found: GAVE UP. Search Stop Time: 1439807282519
[ERROR - 2015-08-17T10:28:07.070Z] WebElementLocator - _handleLocateCommand - Element(s) NOT Found: GAVE UP. Search Stop Time: 1439807287048
[ERROR - 2015-08-17T10:28:11.939Z] WebElementLocator - _handleLocateCommand - Element(s) NOT Found: GAVE UP. Search Stop Time: 1439807291938
[ERROR - 2015-08-17T10:28:16.571Z] WebElementLocator - _handleLocateCommand - Element(s) NOT Found: GAVE UP. Search Stop Time: 1439807296543
[ERROR - 2015-08-17T10:28:22.202Z] WebElementLocator - _handleLocateCommand - Element(s) NOT Found: GAVE UP. Search Stop Time: 1439807302197
[ERROR - 2015-08-17T10:28:26.055Z] WebElementLocator - _handleLocateCommand - Element(s) NOT Found: GAVE UP. Search Stop Time: 1439807306027
[ERROR - 2015-08-17T10:28:29.885Z] WebElementLocator - _handleLocateCommand - Element(s) NOT Found: GAVE UP. Search Stop Time: 1439807309818
[ERROR - 2015-08-17T10:28:35.215Z] WebElementLocator - _handleLocateCommand - Element(s) NOT Found: GAVE UP. Search Stop Time: 1439807315174
[INFO  - 2015-08-17T10:28:41.058Z] SessionManagerReqHand - _cleanupWindowlessSessions - Asynchronous Sessions clean-up phase starting NOW
[ERROR - 2015-08-17T10:28:41.378Z] WebElementLocator - _handleLocateCommand - Element(s) NOT Found: GAVE UP. Search Stop Time: 1439807321372
[ERROR - 2015-08-17T10:28:45.914Z] WebElementLocator - _handleLocateCommand - Element(s) NOT Found: GAVE UP. Search Stop Time: 1439807325867
[ERROR - 2015-08-17T10:28:50.593Z] WebElementLocator - _handleLocateCommand - Element(s) NOT Found: GAVE UP. Search Stop Time: 1439807330544
[ERROR - 2015-08-17T10:28:54.573Z] WebElementLocator - _handleLocateCommand - Element(s) NOT Found: GAVE UP. Search Stop Time: 1439807334558
[ERROR - 2015-08-17T10:29:00.808Z] WebElementLocator - _handleLocateCommand - Element(s) NOT Found: GAVE UP. Search Stop Time: 1439807340806
[ERROR - 2015-08-17T10:29:05.915Z] WebElementLocator - _handleLocateCommand - Element(s) NOT Found: GAVE UP. Search Stop Time: 1439807345903
[ERROR - 2015-08-17T10:29:09.817Z] WebElementLocator - _handleLocateCommand - Element(s) NOT Found: GAVE UP. Search Stop Time: 1439807349787
[ERROR - 2015-08-17T10:29:13.169Z] WebElementLocator - _handleLocateCommand - Element(s) NOT Found: GAVE UP. Search Stop Time: 1439807353049
[ERROR - 2015-08-17T10:29:17.480Z] WebElementLocator - _handleLocateCommand - Element(s) NOT Found: GAVE UP. Search Stop Time: 1439807357473
[ERROR - 2015-08-17T10:29:21.097Z] WebElementLocator - _handleLocateCommand - Element(s) NOT Found: GAVE UP. Search Stop Time: 1439807361095
[ERROR - 2015-08-17T10:29:23.868Z] WebElementLocator - _handleLocateCommand - Element(s) NOT Found: GAVE UP. Search Stop Time: 1439807363814
[ERROR - 2015-08-17T10:29:28.317Z] WebElementLocator - _handleLocateCommand - Element(s) NOT Found: GAVE UP. Search Stop Time: 1439807368254
[ERROR - 2015-08-17T10:29:37.771Z] WebElementLocator - _handleLocateCommand - Element(s) NOT Found: GAVE UP. Search Stop Time: 1439807377712
[ERROR - 2015-08-17T10:29:41.528Z] WebElementLocator - _handleLocateCommand - Element(s) NOT Found: GAVE UP. Search Stop Time: 1439807381527
[ERROR - 2015-08-17T10:29:46.613Z] WebElementLocator - _handleLocateCommand - Element(s) NOT Found: GAVE UP. Search Stop Time: 1439807386610
[ERROR - 2015-08-17T10:29:51.495Z] WebElementLocator - _handleLocateCommand - Element(s) NOT Found: GAVE UP. Search Stop Time: 1439807391492
[ERROR - 2015-08-17T10:29:56.504Z] WebElementLocator - _handleLocateCommand - Element(s) NOT Found: GAVE UP. Search Stop Time: 1439807396501
[ERROR - 2015-08-17T10:29:59.907Z] WebElementLocator - _handleLocateCommand - Element(s) NOT Found: GAVE UP. Search Stop Time: 1439807399869
[ERROR - 2015-08-17T10:30:05.113Z] WebElementLocator - _handleLocateCommand - Element(s) NOT Found: GAVE UP. Search Stop Time: 1439807405108
[ERROR - 2015-08-17T10:30:08.890Z] WebElementLocator - _handleLocateCommand - Element(s) NOT Found: GAVE UP. Search Stop Time: 1439807408823
[ERROR - 2015-08-17T10:30:13.899Z] WebElementLocator - _handleLocateCommand - Element(s) NOT Found: GAVE UP. Search Stop Time: 1439807413841
[ERROR - 2015-08-17T10:30:18.654Z] WebElementLocator - _handleLocateCommand - Element(s) NOT Found: GAVE UP. Search Stop Time: 1439807418639
[ERROR - 2015-08-17T10:30:23.652Z] WebElementLocator - _handleLocateCommand - Element(s) NOT Found: GAVE UP. Search Stop Time: 1439807423588
[ERROR - 2015-08-17T10:30:29.107Z] WebElementLocator - _handleLocateCommand - Element(s) NOT Found: GAVE UP. Search Stop Time: 1439807429082
[ERROR - 2015-08-17T10:30:33.849Z] WebElementLocator - _handleLocateCommand - Element(s) NOT Found: GAVE UP. Search Stop Time: 1439807433842
[ERROR - 2015-08-17T10:30:38.405Z] WebElementLocator - _handleLocateCommand - Element(s) NOT Found: GAVE UP. Search Stop Time: 1439807438344
[ERROR - 2015-08-17T10:30:44.659Z] WebElementLocator - _handleLocateCommand - Element(s) NOT Found: GAVE UP. Search Stop Time: 1439807444609
[ERROR - 2015-08-17T10:30:48.673Z] WebElementLocator - _handleLocateCommand - Element(s) NOT Found: GAVE UP. Search Stop Time: 1439807448617
[ERROR - 2015-08-17T10:30:52.818Z] WebElementLocator - _handleLocateCommand - Element(s) NOT Found: GAVE UP. Search Stop Time: 1439807452757
[ERROR - 2015-08-17T10:30:57.395Z] WebElementLocator - _handleLocateCommand - Element(s) NOT Found: GAVE UP. Search Stop Time: 1439807457332
[ERROR - 2015-08-17T10:31:02.067Z] WebElementLocator - _handleLocateCommand - Element(s) NOT Found: GAVE UP. Search Stop Time: 1439807462016
[ERROR - 2015-08-17T10:31:07.373Z] WebElementLocator - _handleLocateCommand - Element(s) NOT Found: GAVE UP. Search Stop Time: 1439807467366
[ERROR - 2015-08-17T10:31:12.492Z] WebElementLocator - _handleLocateCommand - Element(s) NOT Found: GAVE UP. Search Stop Time: 1439807472434
[ERROR - 2015-08-17T10:31:15.953Z] WebElementLocator - _handleLocateCommand - Element(s) NOT Found: GAVE UP. Search Stop Time: 1439807475950
[ERROR - 2015-08-17T10:31:21.256Z] WebElementLocator - _handleLocateCommand - Element(s) NOT Found: GAVE UP. Search Stop Time: 1439807481237
[ERROR - 2015-08-17T10:31:25.749Z] WebElementLocator - _handleLocateCommand - Element(s) NOT Found: GAVE UP. Search Stop Time: 1439807485695
[ERROR - 2015-08-17T10:31:31.517Z] WebElementLocator - _handleLocateCommand - Element(s) NOT Found: GAVE UP. Search Stop Time: 1439807491510
[ERROR - 2015-08-17T10:31:35.845Z] WebElementLocator - _handleLocateCommand - Element(s) NOT Found: GAVE UP. Search Stop Time: 1439807495788
[ERROR - 2015-08-17T10:31:40.640Z] WebElementLocator - _handleLocateCommand - Element(s) NOT Found: GAVE UP. Search Stop Time: 1439807500638
[ERROR - 2015-08-17T10:31:45.013Z] WebElementLocator - _handleLocateCommand - Element(s) NOT Found: GAVE UP. Search Stop Time: 1439807504961
[ERROR - 2015-08-17T10:31:50.304Z] WebElementLocator - _handleLocateCommand - Element(s) NOT Found: GAVE UP. Search Stop Time: 1439807510243
[ERROR - 2015-08-17T10:31:54.299Z] WebElementLocator - _handleLocateCommand - Element(s) NOT Found: GAVE UP. Search Stop Time: 1439807514280
[ERROR - 2015-08-17T10:31:57.962Z] WebElementLocator - _handleLocateCommand - Element(s) NOT Found: GAVE UP. Search Stop Time: 1439807517907
[ERROR - 2015-08-17T10:32:02.615Z] WebElementLocator - _handleLocateCommand - Element(s) NOT Found: GAVE UP. Search Stop Time: 1439807522614
[ERROR - 2015-08-17T10:32:07.798Z] WebElementLocator - _handleLocateCommand - Element(s) NOT Found: GAVE UP. Search Stop Time: 1439807527792
[ERROR - 2015-08-17T10:32:11.939Z] WebElementLocator - _handleLocateCommand - Element(s) NOT Found: GAVE UP. Search Stop Time: 1439807531881
[ERROR - 2015-08-17T10:32:17.262Z] WebElementLocator - _handleLocateCommand - Element(s) NOT Found: GAVE UP. Search Stop Time: 1439807537258
[ERROR - 2015-08-17T10:32:21.737Z] WebElementLocator - _handleLocateCommand - Element(s) NOT Found: GAVE UP. Search Stop Time: 1439807541523
[ERROR - 2015-08-17T10:32:26.182Z] WebElementLocator - _handleLocateCommand - Element(s) NOT Found: GAVE UP. Search Stop Time: 1439807546128
[ERROR - 2015-08-17T10:32:33.966Z] WebElementLocator - _handleLocateCommand - Element(s) NOT Found: GAVE UP. Search Stop Time: 1439807553907
[ERROR - 2015-08-17T10:32:37.975Z] WebElementLocator - _handleLocateCommand - Element(s) NOT Found: GAVE UP. Search Stop Time: 1439807557974
[ERROR - 2015-08-17T10:32:43.155Z] WebElementLocator - _handleLocateCommand - Element(s) NOT Found: GAVE UP. Search Stop Time: 1439807563102
[ERROR - 2015-08-17T10:32:47.882Z] WebElementLocator - _handleLocateCommand - Element(s) NOT Found: GAVE UP. Search Stop Time: 1439807567871
[ERROR - 2015-08-17T10:32:52.861Z] WebElementLocator - _handleLocateCommand - Element(s) NOT Found: GAVE UP. Search Stop Time: 1439807572793
[ERROR - 2015-08-17T10:32:56.368Z] WebElementLocator - _handleLocateCommand - Element(s) NOT Found: GAVE UP. Search Stop Time: 1439807576345
[ERROR - 2015-08-17T10:33:00.721Z] WebElementLocator - _handleLocateCommand - Element(s) NOT Found: GAVE UP. Search Stop Time: 1439807580717
[ERROR - 2015-08-17T10:33:04.011Z] WebElementLocator - _handleLocateCommand - Element(s) NOT Found: GAVE UP. Search Stop Time: 1439807583958
[ERROR - 2015-08-17T10:33:10.182Z] WebElementLocator - _handleLocateCommand - Element(s) NOT Found: GAVE UP. Search Stop Time: 1439807590172
[ERROR - 2015-08-17T10:33:14.245Z] WebElementLocator - _handleLocateCommand - Element(s) NOT Found: GAVE UP. Search Stop Time: 1439807594191
[ERROR - 2015-08-17T10:33:18.317Z] WebElementLocator - _handleLocateCommand - Element(s) NOT Found: GAVE UP. Search Stop Time: 1439807598302
[ERROR - 2015-08-17T10:33:29.850Z] WebElementLocator - _handleLocateCommand - Element(s) NOT Found: GAVE UP. Search Stop Time: 1439807609792
[ERROR - 2015-08-17T10:33:33.603Z] WebElementLocator - _handleLocateCommand - Element(s) NOT Found: GAVE UP. Search Stop Time: 1439807613586
[INFO  - 2015-08-17T10:33:37.521Z] SessionManagerReqHand - _cleanupWindowlessSessions - Asynchronous Sessions clean-up phase starting NOW
[ER[ERROR - 2015-08-17T10:33:38.802Z] WebElementLocator - _handleLocateCommand - Element(s) NOT Found: GAVE UP. Search Stop Time: 143980761880[ER[INFO  - 2015-08-17T10:33:44.582Z] SessionManagerReqHand - _cleanupWindowlessSessions - Asynchronous Sessions clean-up phase starting NOW
[ERROR - 2015-08-17T10:33:47.629Z] WebElementLocator - _handleLocateCommand - Element(s) NOT Found: GAVE UP. Search Stop Time: 1439807627579
[ERROR - 2015-08-17T10:33:51.812Z] WebElementLocator - _handleLocateCommand - Element(s) NOT Found: GAVE UP. Search Stop Time: 1439807631761
[ERROR - 2015-08-17T10:33:55.358Z] WebElementLocator - _handleLocateCommand - Element(s) NOT Found: GAVE UP. Search Stop Time: 1439807635351
[ERROR - 2015-08-17T10:33:59.893Z] WebElementLocator - _handleLocateCommand - Element(s) NOT Found: GAVE UP. Search Stop Time: 1439807639857
[ERROR - 2015-08-17T10:34:03.650Z] WebElementLocator - _handleLocateCommand - Element(s) NOT Found: GAVE UP. Search Stop Time: 1439807643593
[ERROR - 2015-08-17T10:34:08.237Z] WebElementLocator - _handleLocateCommand - Element(s) NOT Found: GAVE UP. Search Stop Time: 1439807648234
[ERROR - 2015-08-17T10:34:11.901Z] WebElementLocator - _handleLocateCommand - Element(s) NOT Found: GAVE UP. Search Stop Time: 1439807651899
[ERROR - 2015-08-17T10:34:15.617Z] WebElementLocator - _handleLocateCommand - Element(s) NOT Found: GAVE UP. Search Stop Time: 1439807655563
[ERROR - 2015-08-17T10:34:19.461Z] WebElementLocator - _handleLocateCommand - Element(s) NOT Found: GAVE UP. Search Stop Time: 1439807659402
[ERROR - 2015-08-17T10:34:23.231Z] WebElementLocator - _handleLocateCommand - Element(s) NOT Found: GAVE UP. Search Stop Time: 1439807663176
[ERROR - 2015-08-17T10:34:27.066Z] WebElementLocator - _handleLocateCommand - Element(s) NOT Found: GAVE UP. Search Stop Time: 1439807667006
[ERROR - 2015-08-17T10:34:30.891Z] WebElementLocator - _handleLocateCommand - Element(s) NOT Found: GAVE UP. Search Stop Time: 1439807670843
[ERROR - 2015-08-17T10:34:34.601Z] WebElementLocator - _handleLocateCommand - Element(s) NOT Found: GAVE UP. Search Stop Time: 1439807674599
[ERROR - 2015-08-17T10:34:38.708Z] WebElementLocator - _handleLocateCommand - Element(s) NOT Found: GAVE UP. Search Stop Time: 1439807678657
[ERROR - 2015-08-17T10:34:42.476Z] WebElementLocator - _handleLocateCommand - Element(s) NOT Found: GAVE UP. Search Stop Time: 1439807682445
[ERROR - 2015-08-17T10:34:46.269Z] WebElementLocator - _handleLocateCommand - Element(s) NOT Found: GAVE UP. Search Stop Time: 1439807686218
[ERROR - 2015-08-17T10:34:50.465Z] WebElementLocator - _handleLocateCommand - Element(s) NOT Found: GAVE UP. Search Stop Time: 1439807690437
[ERROR - 2015-08-17T10:34:53.993Z] WebElementLocator - _handleLocateCommand - Element(s) NOT Found: GAVE UP. Search Stop Time: 1439807693935
[ERROR - 2015-08-17T10:34:57.475Z] WebElementLocator - _handleLocateCommand - Element(s) NOT Found: GAVE UP. Search Stop Time: 1439807697467
[ERROR - 2015-08-17T10:35:00.964Z] WebElementLocator - _handleLocateCommand - Element(s) NOT Found: GAVE UP. Search Stop Time: 1439807700918
[ERROR - 2015-08-17T10:35:04.664Z] WebElementLocator - _handleLocateCommand - Element(s) NOT Found: GAVE UP. Search Stop Time: 1439807704604
[ERROR - 2015-08-17T10:35:08.592Z] WebElementLocator - _handleLocateCommand - Element(s) NOT Found: GAVE UP. Search Stop Time: 1439807708530
[ERROR - 2015-08-17T10:35:12.678Z] WebElementLocator - _handleLocateCommand - Element(s) NOT Found: GAVE UP. Search Stop Time: 1439807712624
[ERROR - 2015-08-17T10:35:16.325Z] WebElementLocator - _handleLocateCommand - Element(s) NOT Found: GAVE UP. Search Stop Time: 1439807716204
[ERROR - 2015-08-17T10:35:21.070Z] WebElementLocator - _handleLocateCommand - Element(s) NOT Found: GAVE UP. Search Stop Time: 1439807721068
[ERROR - 2015-08-17T10:35:24.842Z] WebElementLocator - _handleLocateCommand - Element(s) NOT Found: GAVE UP. Search Stop Time: 1439807724786
[ERROR - 2015-08-17T10:35:28.106Z] WebElementLocator - _handleLocateCommand - Element(s) NOT Found: GAVE UP. Search Stop Time: 1439807728093
[ERROR - 2015-08-17T10:35:31.561Z] WebElementLocator - _handleLocateCommand - Element(s) NOT Found: GAVE UP. Search Stop Time: 1439807731506
[ERROR - 2015-08-17T10:35:35.130Z] WebElementLocator - _handleLocateCommand - Element(s) NOT Found: GAVE UP. Search Stop Time: 1439807735123
[ERROR - 2015-08-17T10:35:39.121Z] WebElementLocator - _handleLocateCommand - Element(s) NOT Found: GAVE UP. Search Stop Time: 1439807739057
[ERROR - 2015-08-17T10:35:43.613Z] WebElementLocator - _handleLocateCommand - Element(s) NOT Found: GAVE UP. Search Stop Time: 1439807743554
[ERROR - 2015-08-17T10:35:47.652Z] WebElementLocator - _handleLocateCommand - Element(s) NOT Found: GAVE UP. Search Stop Time: 1439807747636
[ERROR - 2015-08-17T10:35:52.009Z] WebElementLocator - _handleLocateCommand - Element(s) NOT Found: GAVE UP. Search Stop Time: 1439807751941
[ERROR - 2015-08-17T10:35:56.060Z] WebElementLocator - _handleLocateCommand - Element(s) NOT Found: GAVE UP. Search Stop Time: 1439807756026
[ERROR - 2015-08-17T10:35:59.612Z] WebElementLocator - _handleLocateCommand - Element(s) NOT Found: GAVE UP. Search Stop Time: 1439807759609
[ERROR - 2015-08-17T10:36:02.897Z] WebElementLocator - _handleLocateCommand - Element(s) NOT Found: GAVE UP. Search Stop Time: 1439807762844
[ERROR - 2015-08-17T10:36:07.324Z] WebElementLocator - _handleLocateCommand - Element(s) NOT Found: GAVE UP. Search Stop Time: 1439807767267
[ERROR - 2015-08-17T10:36:11.084Z] WebElementLocator - _handleLocateCommand - Element(s) NOT Found: GAVE UP. Search Stop Time: 1439807771070
[ERROR - 2015-08-17T10:36:14.265Z] WebElementLocator - _handleLocateCommand - Element(s) NOT Found: GAVE UP. Search Stop Time: 1439807774214
[ERROR - 2015-08-17T10:36:17.282Z] WebElementLocator - _handleLocateCommand - Element(s) NOT Found: GAVE UP. Search Stop Time: 1439807777248
[ERROR - 2015-08-17T10:36:19.086Z] WebElementLocator - _handleLocateCommand - Element(s) NOT Found: GAVE UP. Search Stop Time: 1439807779029
[ERROR - 2015-08-17T10:36:20.540Z] WebElementLocator - _handleLocateCommand - Element(s) NOT Found: GAVE UP. Search Stop Time: 1439807780507
[ERROR - 2015-08-17T10:36:21.707Z] WebElementLocator - _handleLocateCommand - Element(s) NOT Found: GAVE UP. Search Stop Time: 1439807781696
[ERROR - 2015-08-17T10:36:22.771Z] WebElementLocator - _handleLocateCommand - Element(s) NOT Found: GAVE UP. Search Stop Time: 1439807782768
